<?xml version="1.0" encoding="UTF-8"?>
<testng-results skipped="0" failed="0" ignored="0" total="1" passed="1">
  <reporter-output>
  </reporter-output>
  <suite name="Default suite" duration-ms="239683" started-at="2017-11-21T21:50:38Z" finished-at="2017-11-21T21:54:37Z">
    <groups>
    </groups>
    <test name="Default test" duration-ms="239683" started-at="2017-11-21T21:50:38Z" finished-at="2017-11-21T21:54:37Z">
      <class name="PRUEBAFoxAppAndroid.PRUEBAFoxAppAndroid.FoxApp">
        <test-method status="PASS" signature="beforeMethod()[pri:0, instance:PRUEBAFoxAppAndroid.PRUEBAFoxAppAndroid.FoxApp@5bcab519]" name="beforeMethod" is-config="true" duration-ms="60132" started-at="2017-11-21T15:50:38Z" finished-at="2017-11-21T15:51:38Z">
          <reporter-output>
          </reporter-output>
        </test-method> <!-- beforeMethod -->
        <test-method status="PASS" signature="Test()[pri:0, instance:PRUEBAFoxAppAndroid.PRUEBAFoxAppAndroid.FoxApp@5bcab519]" name="Test" duration-ms="161463" started-at="2017-11-21T15:51:38Z" finished-at="2017-11-21T15:54:19Z">
          <reporter-output>
          </reporter-output>
        </test-method> <!-- Test -->
        <test-method status="PASS" signature="afterMethod()[pri:0, instance:PRUEBAFoxAppAndroid.PRUEBAFoxAppAndroid.FoxApp@5bcab519]" name="afterMethod" is-config="true" duration-ms="18025" started-at="2017-11-21T15:54:19Z" finished-at="2017-11-21T15:54:37Z">
          <reporter-output>
          </reporter-output>
        </test-method> <!-- afterMethod -->
      </class> <!-- PRUEBAFoxAppAndroid.PRUEBAFoxAppAndroid.FoxApp -->
    </test> <!-- Default test -->
  </suite> <!-- Default suite -->
</testng-results>
