# JRE version: Java(TM) SE Runtime Environment (8.0_144-b01) (build 1.8.0_144-b01)
# Java VM: Java HotSpot(TM) 64-Bit Server VM (25.144-b01 mixed mode windows-amd64 compressed oops)
Heap:
 PSYoungGen      total 140288K, used 33157K [0x00000000eb180000, 0x00000000f4c80000, 0x0000000100000000)
  eden space 126464K, 17% used [0x00000000eb180000,0x00000000ec799358,0x00000000f2d00000)
  from space 13824K, 76% used [0x00000000f2d00000,0x00000000f37482e8,0x00000000f3a80000)
  to   space 9216K, 0% used [0x00000000f3a80000,0x00000000f3a80000,0x00000000f4380000)
 ParOldGen       total 50176K, used 20673K [0x00000000c1400000, 0x00000000c4500000, 0x00000000eb180000)
  object space 50176K, 41% used [0x00000000c1400000,0x00000000c28307d0,0x00000000c4500000)
 Metaspace       used 27041K, capacity 27636K, committed 27904K, reserved 1073152K
  class space    used 3303K, capacity 3537K, committed 3584K, reserved 1048576K
GC Heap History (10 events):
Event: 4.861 GC heap before
{Heap before GC invocations=6 (full 0):
 PSYoungGen      total 35328K, used 35312K [0x00000000eb180000, 0x00000000f0080000, 0x0000000100000000)
  eden space 32768K, 100% used [0x00000000eb180000,0x00000000ed180000,0x00000000ed180000)
  from space 2560K, 99% used [0x00000000ed180000,0x00000000ed3fc010,0x00000000ed400000)
  to   space 7680K, 0% used [0x00000000ef900000,0x00000000ef900000,0x00000000f0080000)
 ParOldGen       total 44032K, used 10007K [0x00000000c1400000, 0x00000000c3f00000, 0x00000000eb180000)
  object space 44032K, 22% used [0x00000000c1400000,0x00000000c1dc5c78,0x00000000c3f00000)
 Metaspace       used 15261K, capacity 15464K, committed 15872K, reserved 1062912K
  class space    used 1838K, capacity 1940K, committed 2048K, reserved 1048576K
Event: 4.872 GC heap after
Heap after GC invocations=6 (full 0):
 PSYoungGen      total 72192K, used 4672K [0x00000000eb180000, 0x00000000eff80000, 0x0000000100000000)
  eden space 65536K, 0% used [0x00000000eb180000,0x00000000eb180000,0x00000000ef180000)
  from space 6656K, 70% used [0x00000000ef900000,0x00000000efd90040,0x00000000eff80000)
  to   space 7168K, 0% used [0x00000000ef180000,0x00000000ef180000,0x00000000ef880000)
 ParOldGen       total 44032K, used 10015K [0x00000000c1400000, 0x00000000c3f00000, 0x00000000eb180000)
  object space 44032K, 22% used [0x00000000c1400000,0x00000000c1dc7c78,0x00000000c3f00000)
 Metaspace       used 15261K, capacity 15464K, committed 15872K, reserved 1062912K
  class space    used 1838K, capacity 1940K, committed 2048K, reserved 1048576K
}
Event: 7.237 GC heap before
{Heap before GC invocations=7 (full 0):
 PSYoungGen      total 72192K, used 70208K [0x00000000eb180000, 0x00000000eff80000, 0x0000000100000000)
  eden space 65536K, 100% used [0x00000000eb180000,0x00000000ef180000,0x00000000ef180000)
  from space 6656K, 70% used [0x00000000ef900000,0x00000000efd90040,0x00000000eff80000)
  to   space 7168K, 0% used [0x00000000ef180000,0x00000000ef180000,0x00000000ef880000)
 ParOldGen       total 44032K, used 10015K [0x00000000c1400000, 0x00000000c3f00000, 0x00000000eb180000)
  object space 44032K, 22% used [0x00000000c1400000,0x00000000c1dc7c78,0x00000000c3f00000)
 Metaspace       used 18478K, capacity 18982K, committed 19072K, reserved 1067008K
  class space    used 2227K, capacity 2363K, committed 2432K, reserved 1048576K
Event: 7.302 GC heap after
Heap after GC invocations=7 (full 0):
 PSYoungGen      total 72704K, used 7167K [0x00000000eb180000, 0x00000000f4380000, 0x0000000100000000)
  eden space 65536K, 0% used [0x00000000eb180000,0x00000000eb180000,0x00000000ef180000)
  from space 7168K, 99% used [0x00000000ef180000,0x00000000ef87fc50,0x00000000ef880000)
  to   space 9216K, 0% used [0x00000000f3a80000,0x00000000f3a80000,0x00000000f4380000)
 ParOldGen       total 44032K, used 11967K [0x00000000c1400000, 0x00000000c3f00000, 0x00000000eb180000)
  object space 44032K, 27% used [0x00000000c1400000,0x00000000c1fafcf0,0x00000000c3f00000)
 Metaspace       used 18478K, capacity 18982K, committed 19072K, reserved 1067008K
  class space    used 2227K, capacity 2363K, committed 2432K, reserved 1048576K
}
Event: 9.170 GC heap before
{Heap before GC invocations=8 (full 0):
 PSYoungGen      total 72704K, used 34486K [0x00000000eb180000, 0x00000000f4380000, 0x0000000100000000)
  eden space 65536K, 41% used [0x00000000eb180000,0x00000000ecc2de00,0x00000000ef180000)
  from space 7168K, 99% used [0x00000000ef180000,0x00000000ef87fc50,0x00000000ef880000)
  to   space 9216K, 0% used [0x00000000f3a80000,0x00000000f3a80000,0x00000000f4380000)
 ParOldGen       total 44032K, used 11967K [0x00000000c1400000, 0x00000000c3f00000, 0x00000000eb180000)
  object space 44032K, 27% used [0x00000000c1400000,0x00000000c1fafcf0,0x00000000c3f00000)
 Metaspace       used 20731K, capacity 21190K, committed 21296K, reserved 1069056K
  class space    used 2512K, capacity 2651K, committed 2688K, reserved 1048576K
Event: 9.199 GC heap after
Heap after GC invocations=8 (full 0):
 PSYoungGen      total 135680K, used 9207K [0x00000000eb180000, 0x00000000f4c80000, 0x0000000100000000)
  eden space 126464K, 0% used [0x00000000eb180000,0x00000000eb180000,0x00000000f2d00000)
  from space 9216K, 99% used [0x00000000f3a80000,0x00000000f437de38,0x00000000f4380000)
  to   space 13824K, 0% used [0x00000000f2d00000,0x00000000f2d00000,0x00000000f3a80000)
 ParOldGen       total 44032K, used 19114K [0x00000000c1400000, 0x00000000c3f00000, 0x00000000eb180000)
  object space 44032K, 43% used [0x00000000c1400000,0x00000000c26aa9d8,0x00000000c3f00000)
 Metaspace       used 20731K, capacity 21190K, committed 21296K, reserved 1069056K
  class space    used 2512K, capacity 2651K, committed 2688K, reserved 1048576K
}
Event: 9.199 GC heap before
{Heap before GC invocations=9 (full 1):
 PSYoungGen      total 135680K, used 9207K [0x00000000eb180000, 0x00000000f4c80000, 0x0000000100000000)
  eden space 126464K, 0% used [0x00000000eb180000,0x00000000eb180000,0x00000000f2d00000)
  from space 9216K, 99% used [0x00000000f3a80000,0x00000000f437de38,0x00000000f4380000)
  to   space 13824K, 0% used [0x00000000f2d00000,0x00000000f2d00000,0x00000000f3a80000)
 ParOldGen       total 44032K, used 19114K [0x00000000c1400000, 0x00000000c3f00000, 0x00000000eb180000)
  object space 44032K, 43% used [0x00000000c1400000,0x00000000c26aa9d8,0x00000000c3f00000)
 Metaspace       used 20731K, capacity 21190K, committed 21296K, reserved 1069056K
  class space    used 2512K, capacity 2651K, committed 2688K, reserved 1048576K
Event: 9.304 GC heap after
Heap after GC invocations=9 (full 1):
 PSYoungGen      total 135680K, used 0K [0x00000000eb180000, 0x00000000f4c80000, 0x0000000100000000)
  eden space 126464K, 0% used [0x00000000eb180000,0x00000000eb180000,0x00000000f2d00000)
  from space 9216K, 0% used [0x00000000f3a80000,0x00000000f3a80000,0x00000000f4380000)
  to   space 13824K, 0% used [0x00000000f2d00000,0x00000000f2d00000,0x00000000f3a80000)
 ParOldGen       total 50176K, used 20665K [0x00000000c1400000, 0x00000000c4500000, 0x00000000eb180000)
  object space 50176K, 41% used [0x00000000c1400000,0x00000000c282e7d0,0x00000000c4500000)
 Metaspace       used 20731K, capacity 21190K, committed 21296K, reserved 1069056K
  class space    used 2512K, capacity 2651K, committed 2688K, reserved 1048576K
}
Event: 21.099 GC heap before
{Heap before GC invocations=10 (full 1):
 PSYoungGen      total 135680K, used 126464K [0x00000000eb180000, 0x00000000f4c80000, 0x0000000100000000)
  eden space 126464K, 100% used [0x00000000eb180000,0x00000000f2d00000,0x00000000f2d00000)
  from space 9216K, 0% used [0x00000000f3a80000,0x00000000f3a80000,0x00000000f4380000)
  to   space 13824K, 0% used [0x00000000f2d00000,0x00000000f2d00000,0x00000000f3a80000)
 ParOldGen       total 50176K, used 20665K [0x00000000c1400000, 0x00000000c4500000, 0x00000000eb180000)
  object space 50176K, 41% used [0x00000000c1400000,0x00000000c282e7d0,0x00000000c4500000)
 Metaspace       used 25549K, capacity 26154K, committed 26368K, reserved 1073152K
  class space    used 3084K, capacity 3296K, committed 3328K, reserved 1048576K
Event: 21.116 GC heap after
Heap after GC invocations=10 (full 1):
 PSYoungGen      total 140288K, used 10528K [0x00000000eb180000, 0x00000000f4c80000, 0x0000000100000000)
  eden space 126464K, 0% used [0x00000000eb180000,0x00000000eb180000,0x00000000f2d00000)
  from space 13824K, 76% used [0x00000000f2d00000,0x00000000f37482e8,0x00000000f3a80000)
  to   space 9216K, 0% used [0x00000000f3a80000,0x00000000f3a80000,0x00000000f4380000)
 ParOldGen       total 50176K, used 20673K [0x00000000c1400000, 0x00000000c4500000, 0x00000000eb180000)
  object space 50176K, 41% used [0x00000000c1400000,0x00000000c28307d0,0x00000000c4500000)
 Metaspace       used 25549K, capacity 26154K, committed 26368K, reserved 1073152K
  class space    used 3084K, capacity 3296K, committed 3328K, reserved 1048576K
}

