# JRE version: Java(TM) SE Runtime Environment (8.0_144-b01) (build 1.8.0_144-b01)
# Java VM: Java HotSpot(TM) 64-Bit Server VM (25.144-b01 mixed mode windows-amd64 compressed oops)
Heap:
 PSYoungGen      total 73216K, used 13099K [0x00000000eb180000, 0x00000000f0080000, 0x0000000100000000)
  eden space 65536K, 8% used [0x00000000eb180000,0x00000000eb6cf0b0,0x00000000ef180000)
  from space 7680K, 99% used [0x00000000ef180000,0x00000000ef8fbc40,0x00000000ef900000)
  to   space 7680K, 0% used [0x00000000ef900000,0x00000000ef900000,0x00000000f0080000)
 ParOldGen       total 44032K, used 12139K [0x00000000c1400000, 0x00000000c3f00000, 0x00000000eb180000)
  object space 44032K, 27% used [0x00000000c1400000,0x00000000c1fdaee8,0x00000000c3f00000)
 Metaspace       used 20025K, capacity 20550K, committed 20864K, reserved 1067008K
  class space    used 2436K, capacity 2587K, committed 2688K, reserved 1048576K
GC Heap History (10 events):
Event: 1.708 GC heap before
{Heap before GC invocations=3 (full 0):
 PSYoungGen      total 18944K, used 18928K [0x00000000eb180000, 0x00000000ec680000, 0x0000000100000000)
  eden space 16384K, 100% used [0x00000000eb180000,0x00000000ec180000,0x00000000ec180000)
  from space 2560K, 99% used [0x00000000ec400000,0x00000000ec67c168,0x00000000ec680000)
  to   space 2560K, 0% used [0x00000000ec180000,0x00000000ec180000,0x00000000ec400000)
 ParOldGen       total 44032K, used 1289K [0x00000000c1400000, 0x00000000c3f00000, 0x00000000eb180000)
  object space 44032K, 2% used [0x00000000c1400000,0x00000000c1542438,0x00000000c3f00000)
 Metaspace       used 9960K, capacity 10072K, committed 10368K, reserved 1058816K
  class space    used 1233K, capacity 1313K, committed 1408K, reserved 1048576K
Event: 1.714 GC heap after
Heap after GC invocations=3 (full 0):
 PSYoungGen      total 18944K, used 2549K [0x00000000eb180000, 0x00000000ed680000, 0x0000000100000000)
  eden space 16384K, 0% used [0x00000000eb180000,0x00000000eb180000,0x00000000ec180000)
  from space 2560K, 99% used [0x00000000ec180000,0x00000000ec3fd528,0x00000000ec400000)
  to   space 2560K, 0% used [0x00000000ed400000,0x00000000ed400000,0x00000000ed680000)
 ParOldGen       total 44032K, used 3011K [0x00000000c1400000, 0x00000000c3f00000, 0x00000000eb180000)
  object space 44032K, 6% used [0x00000000c1400000,0x00000000c16f0da8,0x00000000c3f00000)
 Metaspace       used 9960K, capacity 10072K, committed 10368K, reserved 1058816K
  class space    used 1233K, capacity 1313K, committed 1408K, reserved 1048576K
}
Event: 1.995 GC heap before
{Heap before GC invocations=4 (full 0):
 PSYoungGen      total 18944K, used 18933K [0x00000000eb180000, 0x00000000ed680000, 0x0000000100000000)
  eden space 16384K, 100% used [0x00000000eb180000,0x00000000ec180000,0x00000000ec180000)
  from space 2560K, 99% used [0x00000000ec180000,0x00000000ec3fd528,0x00000000ec400000)
  to   space 2560K, 0% used [0x00000000ed400000,0x00000000ed400000,0x00000000ed680000)
 ParOldGen       total 44032K, used 3011K [0x00000000c1400000, 0x00000000c3f00000, 0x00000000eb180000)
  object space 44032K, 6% used [0x00000000c1400000,0x00000000c16f0da8,0x00000000c3f00000)
 Metaspace       used 11907K, capacity 12104K, committed 12416K, reserved 1060864K
  class space    used 1492K, capacity 1604K, committed 1664K, reserved 1048576K
Event: 2.001 GC heap after
Heap after GC invocations=4 (full 0):
 PSYoungGen      total 35328K, used 2528K [0x00000000eb180000, 0x00000000ed680000, 0x0000000100000000)
  eden space 32768K, 0% used [0x00000000eb180000,0x00000000eb180000,0x00000000ed180000)
  from space 2560K, 98% used [0x00000000ed400000,0x00000000ed678040,0x00000000ed680000)
  to   space 2560K, 0% used [0x00000000ed180000,0x00000000ed180000,0x00000000ed400000)
 ParOldGen       total 44032K, used 5462K [0x00000000c1400000, 0x00000000c3f00000, 0x00000000eb180000)
  object space 44032K, 12% used [0x00000000c1400000,0x00000000c1955bf0,0x00000000c3f00000)
 Metaspace       used 11907K, capacity 12104K, committed 12416K, reserved 1060864K
  class space    used 1492K, capacity 1604K, committed 1664K, reserved 1048576K
}
Event: 3.004 GC heap before
{Heap before GC invocations=5 (full 0):
 PSYoungGen      total 35328K, used 35296K [0x00000000eb180000, 0x00000000ed680000, 0x0000000100000000)
  eden space 32768K, 100% used [0x00000000eb180000,0x00000000ed180000,0x00000000ed180000)
  from space 2560K, 98% used [0x00000000ed400000,0x00000000ed678040,0x00000000ed680000)
  to   space 2560K, 0% used [0x00000000ed180000,0x00000000ed180000,0x00000000ed400000)
 ParOldGen       total 44032K, used 5462K [0x00000000c1400000, 0x00000000c3f00000, 0x00000000eb180000)
  object space 44032K, 12% used [0x00000000c1400000,0x00000000c1955bf0,0x00000000c3f00000)
 Metaspace       used 14865K, capacity 15036K, committed 15232K, reserved 1062912K
  class space    used 1824K, capacity 1906K, committed 1920K, reserved 1048576K
Event: 3.015 GC heap after
Heap after GC invocations=5 (full 0):
 PSYoungGen      total 35328K, used 2528K [0x00000000eb180000, 0x00000000f0080000, 0x0000000100000000)
  eden space 32768K, 0% used [0x00000000eb180000,0x00000000eb180000,0x00000000ed180000)
  from space 2560K, 98% used [0x00000000ed180000,0x00000000ed3f8020,0x00000000ed400000)
  to   space 7680K, 0% used [0x00000000ef900000,0x00000000ef900000,0x00000000f0080000)
 ParOldGen       total 44032K, used 10354K [0x00000000c1400000, 0x00000000c3f00000, 0x00000000eb180000)
  object space 44032K, 23% used [0x00000000c1400000,0x00000000c1e1cae8,0x00000000c3f00000)
 Metaspace       used 14865K, capacity 15036K, committed 15232K, reserved 1062912K
  class space    used 1824K, capacity 1906K, committed 1920K, reserved 1048576K
}
Event: 4.029 GC heap before
{Heap before GC invocations=6 (full 0):
 PSYoungGen      total 35328K, used 35296K [0x00000000eb180000, 0x00000000f0080000, 0x0000000100000000)
  eden space 32768K, 100% used [0x00000000eb180000,0x00000000ed180000,0x00000000ed180000)
  from space 2560K, 98% used [0x00000000ed180000,0x00000000ed3f8020,0x00000000ed400000)
  to   space 7680K, 0% used [0x00000000ef900000,0x00000000ef900000,0x00000000f0080000)
 ParOldGen       total 44032K, used 10354K [0x00000000c1400000, 0x00000000c3f00000, 0x00000000eb180000)
  object space 44032K, 23% used [0x00000000c1400000,0x00000000c1e1cae8,0x00000000c3f00000)
 Metaspace       used 15248K, capacity 15464K, committed 15872K, reserved 1062912K
  class space    used 1840K, capacity 1940K, committed 2048K, reserved 1048576K
Event: 4.042 GC heap after
Heap after GC invocations=6 (full 0):
 PSYoungGen      total 73216K, used 4928K [0x00000000eb180000, 0x00000000f0080000, 0x0000000100000000)
  eden space 65536K, 0% used [0x00000000eb180000,0x00000000eb180000,0x00000000ef180000)
  from space 7680K, 64% used [0x00000000ef900000,0x00000000efdd0040,0x00000000f0080000)
  to   space 7680K, 0% used [0x00000000ef180000,0x00000000ef180000,0x00000000ef900000)
 ParOldGen       total 44032K, used 10354K [0x00000000c1400000, 0x00000000c3f00000, 0x00000000eb180000)
  object space 44032K, 23% used [0x00000000c1400000,0x00000000c1e1cae8,0x00000000c3f00000)
 Metaspace       used 15248K, capacity 15464K, committed 15872K, reserved 1062912K
  class space    used 1840K, capacity 1940K, committed 2048K, reserved 1048576K
}
Event: 6.573 GC heap before
{Heap before GC invocations=7 (full 0):
 PSYoungGen      total 73216K, used 70464K [0x00000000eb180000, 0x00000000f0080000, 0x0000000100000000)
  eden space 65536K, 100% used [0x00000000eb180000,0x00000000ef180000,0x00000000ef180000)
  from space 7680K, 64% used [0x00000000ef900000,0x00000000efdd0040,0x00000000f0080000)
  to   space 7680K, 0% used [0x00000000ef180000,0x00000000ef180000,0x00000000ef900000)
 ParOldGen       total 44032K, used 10354K [0x00000000c1400000, 0x00000000c3f00000, 0x00000000eb180000)
  object space 44032K, 23% used [0x00000000c1400000,0x00000000c1e1cae8,0x00000000c3f00000)
 Metaspace       used 18678K, capacity 19142K, committed 19328K, reserved 1067008K
  class space    used 2266K, capacity 2395K, committed 2432K, reserved 1048576K
Event: 6.594 GC heap after
Heap after GC invocations=7 (full 0):
 PSYoungGen      total 73216K, used 7663K [0x00000000eb180000, 0x00000000f0080000, 0x0000000100000000)
  eden space 65536K, 0% used [0x00000000eb180000,0x00000000eb180000,0x00000000ef180000)
  from space 7680K, 99% used [0x00000000ef180000,0x00000000ef8fbc40,0x00000000ef900000)
  to   space 7680K, 0% used [0x00000000ef900000,0x00000000ef900000,0x00000000f0080000)
 ParOldGen       total 44032K, used 12139K [0x00000000c1400000, 0x00000000c3f00000, 0x00000000eb180000)
  object space 44032K, 27% used [0x00000000c1400000,0x00000000c1fdaee8,0x00000000c3f00000)
 Metaspace       used 18678K, capacity 19142K, committed 19328K, reserved 1067008K
  class space    used 2266K, capacity 2395K, committed 2432K, reserved 1048576K
}

