<?xml version="1.0" encoding="UTF-8"?>
<!-- Generated by org.testng.reporters.JUnitXMLReporter -->
<testsuite hostname="FLACGU10666" ignored="0" name="Default test" tests="1" failures="1" timestamp="01 dic 2017 13:58:02 GMT" time="534.456" errors="0">
  <testcase name="Iniciar" time="509.124" classname="com.aws.devicefarm.example.appiumandroidtest.FoxSports.FoxSports">
    <failure type="org.openqa.selenium.NoSuchElementException" message="An element could not be located on the page using the given search parameters. (WARNING: The server did not provide any stacktrace information)
Command duration or timeout: 0 milliseconds
For documentation on this error, please visit: http://seleniumhq.org/exceptions/no_such_element.html
Build info: version: &amp;apos;3.5.3&amp;apos;, revision: &amp;apos;a88d25fe6b&amp;apos;, time: &amp;apos;2017-08-29T12:42:44.417Z&amp;apos;
System info: host: &amp;apos;FLACGU10666&amp;apos;, ip: &amp;apos;192.168.183.2&amp;apos;, os.name: &amp;apos;Windows 10&amp;apos;, os.arch: &amp;apos;amd64&amp;apos;, os.version: &amp;apos;10.0&amp;apos;, java.version: &amp;apos;1.8.0_144&amp;apos;
Driver info: io.appium.java_client.android.AndroidDriver
Capabilities [{app=C:\Users\Rolando\git\JAL-001\AWSDeviceFarmAppiumAndroidMavenAndroid\app\FOXSports.apk, appPackage=com.fic.foxsports, deviceScreenSize=720x1280, networkConnectionEnabled=true, warnings={}, appWaitPackage=com.fic.foxsports, appWaitActivity=com.fox.olympics.activies.SplashActivity, databaseEnabled=false, deviceName=BHG7N16302031342, platform=LINUX, deviceUDID=BHG7N16302031342, appActivity=com.fox.olympics.activies.SplashActivity, desired={app=C:\Users\Rolando\git\JAL-001\AWSDeviceFarmAppiumAndroidMavenAndroid\app\FOXSports.apk, platformVersion=5.0, platformName=Android, deviceName=BHG7N16302031342}, platformVersion=5.0, webStorageEnabled=false, locationContextEnabled=false, takesScreenshot=true, javascriptEnabled=true, deviceModel=ALE-L23, deviceManufacturer=HUAWEI, platformName=LINUX}]
Session ID: 992fbe57-ff90-45f0-84ba-16904ada4f3e
*** Element info: {Using=-android uiautomator, value=new UiScrollable(new UiSelector().resourceId(&amp;quot;com.fic.foxsports:id/competition_list&amp;quot;)).scrollIntoView(new UiSelector().resourceId(&amp;quot;com.fic.foxsports:id/epg_time&amp;quot;));}">
      <![CDATA[org.openqa.selenium.NoSuchElementException: An element could not be located on the page using the given search parameters. (WARNING: The server did not provide any stacktrace information)
Command duration or timeout: 0 milliseconds
For documentation on this error, please visit: http://seleniumhq.org/exceptions/no_such_element.html
Build info: version: '3.5.3', revision: 'a88d25fe6b', time: '2017-08-29T12:42:44.417Z'
System info: host: 'FLACGU10666', ip: '192.168.183.2', os.name: 'Windows 10', os.arch: 'amd64', os.version: '10.0', java.version: '1.8.0_144'
Driver info: io.appium.java_client.android.AndroidDriver
Capabilities [{app=C:\Users\Rolando\git\JAL-001\AWSDeviceFarmAppiumAndroidMavenAndroid\app\FOXSports.apk, appPackage=com.fic.foxsports, deviceScreenSize=720x1280, networkConnectionEnabled=true, warnings={}, appWaitPackage=com.fic.foxsports, appWaitActivity=com.fox.olympics.activies.SplashActivity, databaseEnabled=false, deviceName=BHG7N16302031342, platform=LINUX, deviceUDID=BHG7N16302031342, appActivity=com.fox.olympics.activies.SplashActivity, desired={app=C:\Users\Rolando\git\JAL-001\AWSDeviceFarmAppiumAndroidMavenAndroid\app\FOXSports.apk, platformVersion=5.0, platformName=Android, deviceName=BHG7N16302031342}, platformVersion=5.0, webStorageEnabled=false, locationContextEnabled=false, takesScreenshot=true, javascriptEnabled=true, deviceModel=ALE-L23, deviceManufacturer=HUAWEI, platformName=LINUX}]
Session ID: 992fbe57-ff90-45f0-84ba-16904ada4f3e
*** Element info: {Using=-android uiautomator, value=new UiScrollable(new UiSelector().resourceId("com.fic.foxsports:id/competition_list")).scrollIntoView(new UiSelector().resourceId("com.fic.foxsports:id/epg_time"));}
	at sun.reflect.NativeConstructorAccessorImpl.newInstance0(Native Method)
	at sun.reflect.NativeConstructorAccessorImpl.newInstance(Unknown Source)
	at sun.reflect.DelegatingConstructorAccessorImpl.newInstance(Unknown Source)
	at java.lang.reflect.Constructor.newInstance(Unknown Source)
	at org.openqa.selenium.remote.ErrorHandler.createThrowable(ErrorHandler.java:215)
	at org.openqa.selenium.remote.ErrorHandler.throwIfResponseFailed(ErrorHandler.java:167)
	at org.openqa.selenium.remote.http.JsonHttpResponseCodec.reconstructValue(JsonHttpResponseCodec.java:40)
	at org.openqa.selenium.remote.http.AbstractHttpResponseCodec.decode(AbstractHttpResponseCodec.java:82)
	at org.openqa.selenium.remote.http.AbstractHttpResponseCodec.decode(AbstractHttpResponseCodec.java:45)
	at org.openqa.selenium.remote.HttpCommandExecutor.execute(HttpCommandExecutor.java:164)
	at io.appium.java_client.remote.AppiumCommandExecutor.execute(AppiumCommandExecutor.java:89)
	at org.openqa.selenium.remote.RemoteWebDriver.execute(RemoteWebDriver.java:646)
	at io.appium.java_client.DefaultGenericMobileDriver.execute(DefaultGenericMobileDriver.java:42)
	at io.appium.java_client.AppiumDriver.execute(AppiumDriver.java:1)
	at io.appium.java_client.android.AndroidDriver.execute(AndroidDriver.java:1)
	at org.openqa.selenium.remote.RemoteWebDriver.findElement(RemoteWebDriver.java:416)
	at io.appium.java_client.DefaultGenericMobileDriver.findElement(DefaultGenericMobileDriver.java:62)
	at io.appium.java_client.AppiumDriver.findElement(AppiumDriver.java:1)
	at io.appium.java_client.android.AndroidDriver.findElement(AndroidDriver.java:1)
	at io.appium.java_client.FindsByAndroidUIAutomator.findElementByAndroidUIAutomator(FindsByAndroidUIAutomator.java:32)
	at com.aws.devicefarm.example.appiumandroidtest.FoxSports.InLiveSteps.scroll(InLiveSteps.java:116)
	at com.aws.devicefarm.example.appiumandroidtest.FoxSports.InLiveSteps.playAEventWhichIsPresentInAChannel(InLiveSteps.java:162)
	at com.aws.devicefarm.example.appiumandroidtest.FoxSports.InLiveTestCases.enVivo_090(InLiveTestCases.java:100)
	at com.aws.devicefarm.example.appiumandroidtest.FoxSports.FoxSports.Iniciar(FoxSports.java:85)
	at sun.reflect.NativeMethodAccessorImpl.invoke0(Native Method)
	at sun.reflect.NativeMethodAccessorImpl.invoke(Unknown Source)
	at sun.reflect.DelegatingMethodAccessorImpl.invoke(Unknown Source)
	at java.lang.reflect.Method.invoke(Unknown Source)
	at org.testng.internal.MethodInvocationHelper.invokeMethod(MethodInvocationHelper.java:108)
	at org.testng.internal.Invoker.invokeMethod(Invoker.java:669)
	at org.testng.internal.Invoker.invokeTestMethod(Invoker.java:877)
	at org.testng.internal.Invoker.invokeTestMethods(Invoker.java:1201)
	at org.testng.internal.TestMethodWorker.invokeTestMethods(TestMethodWorker.java:125)
	at org.testng.internal.TestMethodWorker.run(TestMethodWorker.java:109)
	at org.testng.TestRunner.privateRun(TestRunner.java:776)
	at org.testng.TestRunner.run(TestRunner.java:634)
	at org.testng.SuiteRunner.runTest(SuiteRunner.java:425)
	at org.testng.SuiteRunner.runSequentially(SuiteRunner.java:420)
	at org.testng.SuiteRunner.privateRun(SuiteRunner.java:385)
	at org.testng.SuiteRunner.run(SuiteRunner.java:334)
	at org.testng.SuiteRunnerWorker.runSuite(SuiteRunnerWorker.java:52)
	at org.testng.SuiteRunnerWorker.run(SuiteRunnerWorker.java:86)
	at org.testng.TestNG.runSuitesSequentially(TestNG.java:1318)
	at org.testng.TestNG.runSuitesLocally(TestNG.java:1243)
	at org.testng.TestNG.runSuites(TestNG.java:1161)
	at org.testng.TestNG.run(TestNG.java:1129)
	at org.testng.remote.AbstractRemoteTestNG.run(AbstractRemoteTestNG.java:114)
	at org.testng.remote.RemoteTestNG.initAndRun(RemoteTestNG.java:251)
	at org.testng.remote.RemoteTestNG.main(RemoteTestNG.java:77)
]]>
    </failure>
  </testcase> <!-- Iniciar -->
</testsuite> <!-- Default test -->
