# JRE version: Java(TM) SE Runtime Environment (8.0_144-b01) (build 1.8.0_144-b01)
# Java VM: Java HotSpot(TM) 64-Bit Server VM (25.144-b01 mixed mode windows-amd64 compressed oops)
Heap:
 PSYoungGen      total 73216K, used 11568K [0x00000000eb180000, 0x00000000f4380000, 0x0000000100000000)
  eden space 65536K, 5% used [0x00000000eb180000,0x00000000eb5539f0,0x00000000ef180000)
  from space 7680K, 99% used [0x00000000ef180000,0x00000000ef8f8968,0x00000000ef900000)
  to   space 9216K, 71% used [0x00000000f3a80000,0x00000000f40e4030,0x00000000f4380000)
 ParOldGen       total 44032K, used 12755K [0x00000000c1400000, 0x00000000c3f00000, 0x00000000eb180000)
  object space 44032K, 28% used [0x00000000c1400000,0x00000000c2074f98,0x00000000c3f00000)
 Metaspace       used 19992K, capacity 20486K, committed 20608K, reserved 1071104K
  class space    used 2424K, capacity 2587K, committed 2688K, reserved 1048576K
GC Heap History (10 events):
Event: 2.537 GC heap after
Heap after GC invocations=3 (full 0):
 PSYoungGen      total 18944K, used 2558K [0x00000000eb180000, 0x00000000ed680000, 0x0000000100000000)
  eden space 16384K, 0% used [0x00000000eb180000,0x00000000eb180000,0x00000000ec180000)
  from space 2560K, 99% used [0x00000000ec180000,0x00000000ec3ffad8,0x00000000ec400000)
  to   space 2560K, 0% used [0x00000000ed400000,0x00000000ed400000,0x00000000ed680000)
 ParOldGen       total 44032K, used 3248K [0x00000000c1400000, 0x00000000c3f00000, 0x00000000eb180000)
  object space 44032K, 7% used [0x00000000c1400000,0x00000000c172c120,0x00000000c3f00000)
 Metaspace       used 10113K, capacity 10264K, committed 10368K, reserved 1058816K
  class space    used 1248K, capacity 1313K, committed 1408K, reserved 1048576K
}
Event: 2.828 GC heap before
{Heap before GC invocations=4 (full 0):
 PSYoungGen      total 18944K, used 18942K [0x00000000eb180000, 0x00000000ed680000, 0x0000000100000000)
  eden space 16384K, 100% used [0x00000000eb180000,0x00000000ec180000,0x00000000ec180000)
  from space 2560K, 99% used [0x00000000ec180000,0x00000000ec3ffad8,0x00000000ec400000)
  to   space 2560K, 0% used [0x00000000ed400000,0x00000000ed400000,0x00000000ed680000)
 ParOldGen       total 44032K, used 3248K [0x00000000c1400000, 0x00000000c3f00000, 0x00000000eb180000)
  object space 44032K, 7% used [0x00000000c1400000,0x00000000c172c120,0x00000000c3f00000)
 Metaspace       used 12037K, capacity 12238K, committed 12416K, reserved 1060864K
  class space    used 1505K, capacity 1605K, committed 1664K, reserved 1048576K
Event: 2.834 GC heap after
Heap after GC invocations=4 (full 0):
 PSYoungGen      total 35328K, used 2544K [0x00000000eb180000, 0x00000000ed680000, 0x0000000100000000)
  eden space 32768K, 0% used [0x00000000eb180000,0x00000000eb180000,0x00000000ed180000)
  from space 2560K, 99% used [0x00000000ed400000,0x00000000ed67c050,0x00000000ed680000)
  to   space 2560K, 0% used [0x00000000ed180000,0x00000000ed180000,0x00000000ed400000)
 ParOldGen       total 44032K, used 5754K [0x00000000c1400000, 0x00000000c3f00000, 0x00000000eb180000)
  object space 44032K, 13% used [0x00000000c1400000,0x00000000c199ea30,0x00000000c3f00000)
 Metaspace       used 12037K, capacity 12238K, committed 12416K, reserved 1060864K
  class space    used 1505K, capacity 1605K, committed 1664K, reserved 1048576K
}
Event: 3.888 GC heap before
{Heap before GC invocations=5 (full 0):
 PSYoungGen      total 35328K, used 35312K [0x00000000eb180000, 0x00000000ed680000, 0x0000000100000000)
  eden space 32768K, 100% used [0x00000000eb180000,0x00000000ed180000,0x00000000ed180000)
  from space 2560K, 99% used [0x00000000ed400000,0x00000000ed67c050,0x00000000ed680000)
  to   space 2560K, 0% used [0x00000000ed180000,0x00000000ed180000,0x00000000ed400000)
 ParOldGen       total 44032K, used 5754K [0x00000000c1400000, 0x00000000c3f00000, 0x00000000eb180000)
  object space 44032K, 13% used [0x00000000c1400000,0x00000000c199ea30,0x00000000c3f00000)
 Metaspace       used 14885K, capacity 15100K, committed 15232K, reserved 1062912K
  class space    used 1821K, capacity 1906K, committed 1920K, reserved 1048576K
Event: 3.901 GC heap after
Heap after GC invocations=5 (full 0):
 PSYoungGen      total 35328K, used 2528K [0x00000000eb180000, 0x00000000f0080000, 0x0000000100000000)
  eden space 32768K, 0% used [0x00000000eb180000,0x00000000eb180000,0x00000000ed180000)
  from space 2560K, 98% used [0x00000000ed180000,0x00000000ed3f8020,0x00000000ed400000)
  to   space 7680K, 0% used [0x00000000ef900000,0x00000000ef900000,0x00000000f0080000)
 ParOldGen       total 44032K, used 10783K [0x00000000c1400000, 0x00000000c3f00000, 0x00000000eb180000)
  object space 44032K, 24% used [0x00000000c1400000,0x00000000c1e87df8,0x00000000c3f00000)
 Metaspace       used 14885K, capacity 15100K, committed 15232K, reserved 1062912K
  class space    used 1821K, capacity 1906K, committed 1920K, reserved 1048576K
}
Event: 5.006 GC heap before
{Heap before GC invocations=6 (full 0):
 PSYoungGen      total 35328K, used 35296K [0x00000000eb180000, 0x00000000f0080000, 0x0000000100000000)
  eden space 32768K, 100% used [0x00000000eb180000,0x00000000ed180000,0x00000000ed180000)
  from space 2560K, 98% used [0x00000000ed180000,0x00000000ed3f8020,0x00000000ed400000)
  to   space 7680K, 0% used [0x00000000ef900000,0x00000000ef900000,0x00000000f0080000)
 ParOldGen       total 44032K, used 10783K [0x00000000c1400000, 0x00000000c3f00000, 0x00000000eb180000)
  object space 44032K, 24% used [0x00000000c1400000,0x00000000c1e87df8,0x00000000c3f00000)
 Metaspace       used 15294K, capacity 15534K, committed 15872K, reserved 1062912K
  class space    used 1839K, capacity 1941K, committed 2048K, reserved 1048576K
Event: 5.017 GC heap after
Heap after GC invocations=6 (full 0):
 PSYoungGen      total 73216K, used 4608K [0x00000000eb180000, 0x00000000f0080000, 0x0000000100000000)
  eden space 65536K, 0% used [0x00000000eb180000,0x00000000eb180000,0x00000000ef180000)
  from space 7680K, 60% used [0x00000000ef900000,0x00000000efd80020,0x00000000f0080000)
  to   space 7680K, 0% used [0x00000000ef180000,0x00000000ef180000,0x00000000ef900000)
 ParOldGen       total 44032K, used 10791K [0x00000000c1400000, 0x00000000c3f00000, 0x00000000eb180000)
  object space 44032K, 24% used [0x00000000c1400000,0x00000000c1e89df8,0x00000000c3f00000)
 Metaspace       used 15294K, capacity 15534K, committed 15872K, reserved 1062912K
  class space    used 1839K, capacity 1941K, committed 2048K, reserved 1048576K
}
Event: 7.522 GC heap before
{Heap before GC invocations=7 (full 0):
 PSYoungGen      total 73216K, used 70144K [0x00000000eb180000, 0x00000000f0080000, 0x0000000100000000)
  eden space 65536K, 100% used [0x00000000eb180000,0x00000000ef180000,0x00000000ef180000)
  from space 7680K, 60% used [0x00000000ef900000,0x00000000efd80020,0x00000000f0080000)
  to   space 7680K, 0% used [0x00000000ef180000,0x00000000ef180000,0x00000000ef900000)
 ParOldGen       total 44032K, used 10791K [0x00000000c1400000, 0x00000000c3f00000, 0x00000000eb180000)
  object space 44032K, 24% used [0x00000000c1400000,0x00000000c1e89df8,0x00000000c3f00000)
 Metaspace       used 18959K, capacity 19430K, committed 19584K, reserved 1067008K
  class space    used 2297K, capacity 2427K, committed 2432K, reserved 1048576K
Event: 7.540 GC heap after
Heap after GC invocations=7 (full 0):
 PSYoungGen      total 73216K, used 7650K [0x00000000eb180000, 0x00000000f4380000, 0x0000000100000000)
  eden space 65536K, 0% used [0x00000000eb180000,0x00000000eb180000,0x00000000ef180000)
  from space 7680K, 99% used [0x00000000ef180000,0x00000000ef8f8968,0x00000000ef900000)
  to   space 9216K, 0% used [0x00000000f3a80000,0x00000000f3a80000,0x00000000f4380000)
 ParOldGen       total 44032K, used 12213K [0x00000000c1400000, 0x00000000c3f00000, 0x00000000eb180000)
  object space 44032K, 27% used [0x00000000c1400000,0x00000000c1fed758,0x00000000c3f00000)
 Metaspace       used 18959K, capacity 19430K, committed 19584K, reserved 1067008K
  class space    used 2297K, capacity 2427K, committed 2432K, reserved 1048576K
}
Event: 7.696 GC heap before
{Heap before GC invocations=8 (full 0):
 PSYoungGen      total 73216K, used 11568K [0x00000000eb180000, 0x00000000f4380000, 0x0000000100000000)
  eden space 65536K, 5% used [0x00000000eb180000,0x00000000eb5539f0,0x00000000ef180000)
  from space 7680K, 99% used [0x00000000ef180000,0x00000000ef8f8968,0x00000000ef900000)
  to   space 9216K, 0% used [0x00000000f3a80000,0x00000000f3a80000,0x00000000f4380000)
 ParOldGen       total 44032K, used 12213K [0x00000000c1400000, 0x00000000c3f00000, 0x00000000eb180000)
  object space 44032K, 27% used [0x00000000c1400000,0x00000000c1fed758,0x00000000c3f00000)
 Metaspace       used 19992K, capacity 20486K, committed 20608K, reserved 1071104K
  class space    used 2424K, capacity 2587K, committed 2688K, reserved 1048576K

